{
  "RSpec": {
    "coverage": {
      "/Users/olakunlesalami/webapps/helpers/config/environment.rb": {
        "lines": [
          null,
          1,
          null,
          null,
          1
        ]
      },
      "/Users/olakunlesalami/webapps/helpers/config/application.rb": {
        "lines": [
          1,
          null,
          1,
          null,
          null,
          null,
          1,
          null,
          1,
          1,
          null,
          1,
          null,
          null,
          null,
          null,
          null,
          null,
          null
        ]
      },
      "/Users/olakunlesalami/webapps/helpers/config/boot.rb": {
        "lines": [
          1,
          null,
          1,
          1
        ]
      },
      "/Users/olakunlesalami/webapps/helpers/config/environments/test.rb": {
        "lines": [
          null,
          null,
          null,
          null,
          null,
          1,
          null,
          null,
          1,
          1,
          null,
          null,
          null,
          null,
          1,
          null,
          null,
          1,
          1,
          null,
          null,
          null,
          null,
          1,
          1,
          1,
          null,
          null,
          1,
          null,
          null,
          1,
          null,
          null,
          1,
          null,
          1,
          null,
          null,
          null,
          null,
          1,
          null,
          null,
          1,
          null,
          null,
          null,
          null
        ]
      },
      "/Users/olakunlesalami/webapps/helpers/config/initializers/application_controller_renderer.rb": {
        "lines": [
          null,
          null,
          null,
          null,
          null,
          null,
          null,
          null
        ]
      },
      "/Users/olakunlesalami/webapps/helpers/config/initializers/assets.rb": {
        "lines": [
          null,
          null,
          null,
          1,
          null,
          null,
          null,
          null,
          1,
          null,
          null,
          null,
          null,
          null
        ]
      },
      "/Users/olakunlesalami/webapps/helpers/config/initializers/backtrace_silencers.rb": {
        "lines": [
          null,
          null,
          null,
          null,
          null,
          null,
          null
        ]
      },
      "/Users/olakunlesalami/webapps/helpers/config/initializers/content_security_policy.rb": {
        "lines": [
          null,
          null,
          null,
          null,
          null,
          null,
          null,
          null,
          null,
          null,
          null,
          null,
          null,
          null,
          null,
          null,
          null,
          null,
          null,
          null,
          null,
          null,
          null,
          null,
          null,
          null,
          null,
          null,
          null,
          null
        ]
      },
      "/Users/olakunlesalami/webapps/helpers/config/initializers/cookies_serializer.rb": {
        "lines": [
          null,
          null,
          null,
          null,
          1
        ]
      },
      "/Users/olakunlesalami/webapps/helpers/config/initializers/filter_parameter_logging.rb": {
        "lines": [
          null,
          null,
          null,
          1
        ]
      },
      "/Users/olakunlesalami/webapps/helpers/config/initializers/inflections.rb": {
        "lines": [
          null,
          null,
          null,
          null,
          null,
          null,
          null,
          null,
          null,
          null,
          null,
          null,
          null,
          null,
          null,
          null
        ]
      },
      "/Users/olakunlesalami/webapps/helpers/config/initializers/mime_types.rb": {
        "lines": [
          null,
          null,
          null,
          null
        ]
      },
      "/Users/olakunlesalami/webapps/helpers/config/initializers/wrap_parameters.rb": {
        "lines": [
          null,
          null,
          null,
          null,
          null,
          null,
          1,
          2,
          null,
          null,
          null,
          null,
          null,
          null
        ]
      },
      "/Users/olakunlesalami/webapps/helpers/spec/factories/help.rb": {
        "lines": [
          1,
          1,
          3,
          3,
          3,
          3,
          3,
          null,
          null
        ]
      },
      "/Users/olakunlesalami/webapps/helpers/spec/factories/user.rb": {
        "lines": [
          1,
          1,
          12,
          12,
          12,
          12,
          12,
          null,
          null
        ]
      },
      "/Users/olakunlesalami/webapps/helpers/config/routes.rb": {
        "lines": [
          1,
          null,
          1,
          1,
          1,
          1,
          1,
          1,
          null,
          null,
          null
        ]
      },
      "/Users/olakunlesalami/webapps/helpers/app/helpers/application_helper.rb": {
        "lines": [
          1,
          null
        ]
      },
      "/Users/olakunlesalami/webapps/helpers/app/helpers/users_helper.rb": {
        "lines": [
          1,
          null
        ]
      },
      "/Users/olakunlesalami/webapps/helpers/spec/models/user_spec.rb": {
        "lines": [
          1,
          null,
          1,
          1,
          null,
          10,
          null,
          null,
          null,
          null,
          null,
          10,
          null,
          1,
          1,
          1,
          1,
          null,
          null,
          1,
          1,
          1,
          null,
          null,
          1,
          1,
          1,
          null,
          null,
          1,
          1,
          1,
          null,
          null,
          1,
          1,
          1,
          null,
          null,
          1,
          1,
          1,
          null,
          null,
          1,
          1,
          2,
          null,
          null,
          1,
          1,
          1,
          null,
          null,
          1,
          1,
          1,
          null,
          null,
          1,
          1,
          1,
          null,
          null,
          null,
          null
        ]
      },
      "/Users/olakunlesalami/webapps/helpers/app/models/user.rb": {
        "lines": [
          1,
          1,
          1,
          null,
          1,
          1,
          1,
          1,
          1,
          null
        ]
      },
      "/Users/olakunlesalami/webapps/helpers/app/models/application_record.rb": {
        "lines": [
          1,
          1,
          null
        ]
      },
      "/Users/olakunlesalami/webapps/helpers/spec/requests/helps_spec.rb": {
        "lines": [
          1,
          null,
          1,
          1,
          7,
          null,
          7,
          null,
          null,
          null,
          null,
          null,
          null,
          null,
          1,
          null,
          null,
          null,
          1,
          1,
          1,
          1,
          null,
          null,
          1,
          1,
          1,
          null,
          null,
          1,
          1,
          1,
          1,
          null,
          null,
          1,
          null,
          1,
          1,
          2,
          1,
          null,
          null,
          null,
          1,
          1,
          1,
          1,
          null,
          null,
          1,
          1,
          1,
          null,
          1,
          1,
          2,
          2,
          null,
          null,
          1,
          1,
          1,
          1,
          1,
          null,
          null,
          1,
          1,
          1,
          1,
          null,
          null,
          null,
          null,
          null
        ]
      },
      "/Users/olakunlesalami/webapps/helpers/spec/requests/users_spec.rb": {
        "lines": [
          1,
          null,
          1,
          1,
          null,
          null,
          null,
          1,
          null,
          null,
          null,
          1,
          1,
          1,
          1,
          null,
          null,
          null,
          null,
          null,
          null,
          2,
          1,
          1,
          null,
          null,
          null,
          1,
          1,
          6,
          null,
          6,
          null,
          null,
          null,
          1,
          1,
          1,
          1,
          null,
          null,
          1,
          1,
          1,
          1,
          null,
          null,
          1,
          1,
          1,
          1,
          null,
          null,
          1,
          1,
          1,
          1,
          null,
          null,
          1,
          1,
          1,
          null,
          null,
          1,
          1,
          1,
          null,
          null,
          null,
          1,
          1,
          1,
          1,
          null,
          null,
          1,
          1,
          1,
          null,
          null,
          1,
          1,
          2,
          2,
          null,
          null,
          1,
          1,
          1,
          null,
          null,
          1,
          1,
          1,
          null,
          null,
          null,
          null,
          null
        ]
      },
      "/Users/olakunlesalami/webapps/helpers/app/models/help.rb": {
        "lines": [
          1,
          null,
          null,
          1,
          1,
          1,
          1,
          1,
          null
        ]
      },
      "/Users/olakunlesalami/webapps/helpers/app/controllers/application_controller.rb": {
        "lines": [
          1,
          1,
          null
        ]
      },
      "/Users/olakunlesalami/webapps/helpers/app/controllers/api/v1/helps_controller.rb": {
        "lines": [
          1,
          1,
          2,
          null,
          2,
          2,
          null,
          null,
          1,
          1,
          1,
          1,
          null,
          0,
          null,
          null,
          null,
          1,
          1,
          null,
          null
        ]
      },
      "/Users/olakunlesalami/webapps/helpers/app/controllers/auth_base_controller.rb": {
        "lines": [
          1,
          1,
          null,
          1,
          null,
          41,
          null,
          null,
          1,
          22,
          19,
          null,
          null,
          19,
          3,
          3,
          null,
          null,
          null,
          null,
          1,
          14,
          8,
          8,
          null,
          null,
          null,
          1,
          11,
          null,
          null,
          1,
          11,
          null,
          null
        ]
      },
      "/Users/olakunlesalami/webapps/helpers/app/controllers/api/v1/users_controller.rb": {
        "lines": [
          1,
          1,
          1,
          1,
          1,
          1,
          1,
          null,
          0,
          null,
          null,
          null,
          1,
          1,
          null,
          null
        ]
      },
      "/Users/olakunlesalami/webapps/helpers/app/controllers/api/v1/auth_controller.rb": {
        "lines": [
          1,
          1,
          6,
          2,
          null,
          4,
          null,
          4,
          2,
          2,
          2,
          2,
          null,
          2,
          null,
          null,
          null,
          1,
          null,
          1,
          0,
          null,
          null
        ]
      },
      "/Users/olakunlesalami/webapps/helpers/app/controllers/api/v1/profile_controller.rb": {
        "lines": [
          1,
          1,
          2,
          null,
          null
        ]
      }
    },
    "timestamp": 1609518132
  }
}
